<?xml version="1.0" encoding="UTF-8"?>
<!-- Generated by org.testng.reporters.JUnitXMLReporter -->
<testsuite ignored="0" hostname="PSDLAP349" failures="0" tests="6" name="Test" time="151.815" errors="0" timestamp="2025-02-21T16:21:28 IST">
  <testcase classname="test.ContactUsTabTest" name="Validate_ContactUs_Button_Click_TC_001" time="5.337"/>
  <testcase classname="test.ContactUsTabTest" name="Validate_Form_TC_002" time="10.189"/>
  <testcase classname="test.ContactUsTabTest" name="Validate_JOIN_US_Button_click_TC_003" time="11.295"/>
  <testcase classname="test.ContactUsTabTest" name="Validate_SMS_OUTREACH_Button_click_TC_004" time="11.072"/>
  <testcase classname="test.ContactUsTabTest" name="Validate_SMS_OUTREACH_functionality_click_TC_005" time="16.433"/>
  <testcase classname="test.ContactUsTabTest" name="Validate_LINKEDIN_Button_click_TC_006" time="9.754"/>
</testsuite> <!-- Test -->
