<?xml version="1.0" encoding="UTF-8"?>
<!-- Generated by org.testng.reporters.JUnitXMLReporter -->
<testsuite ignored="0" hostname="PSDLAP349" failures="0" tests="5" name="Default test" time="136.996" errors="0" timestamp="2025-02-17T22:39:14 IST">
  <testcase classname="test.AboutUsTabTest" name="Validate_About_Us_Button_Click_TC_001" time="7.335"/>
  <testcase classname="test.AboutUsTabTest" name="Validate_Search_feature_TC_002" time="10.751"/>
  <testcase classname="test.AboutUsTabTest" name="Validate_first_JOIN_US_button_click_TC_003" time="15.021"/>
  <testcase classname="test.AboutUsTabTest" name="Validate_second_JOIN_US_button_click_TC_003" time="13.651"/>
  <testcase classname="test.AboutUsTabTest" name="Verify_Nav_bar_content_change_on_scroll_down_TC_005" time="4.725"/>
</testsuite> <!-- Default test -->
