<?xml version="1.0" encoding="UTF-8"?>
<testng-results ignored="0" total="1" passed="1" failed="0" skipped="0">
  <reporter-output>
  </reporter-output>
  <suite started-at="2025-02-17T21:42:06 IST" name="Default suite" finished-at="2025-02-17T21:42:29 IST" duration-ms="23754">
    <groups>
    </groups>
    <test started-at="2025-02-17T21:42:06 IST" name="Default test" finished-at="2025-02-17T21:42:29 IST" duration-ms="23754">
      <class name="test.AboutUsTabTest">
        <test-method is-config="true" signature="setup()[pri:0, instance:test.AboutUsTabTest@34e9fd99]" started-at="2025-02-17T21:42:06 IST" name="setup" finished-at="2025-02-17T21:42:19 IST" duration-ms="13605" status="PASS">
          <reporter-output>
          </reporter-output>
        </test-method> <!-- setup -->
        <test-method signature="Validate_LINKED_IN_ICON_button_click_TC_010()[pri:10, instance:test.AboutUsTabTest@34e9fd99]" started-at="2025-02-17T21:42:19 IST" name="Validate_LINKED_IN_ICON_button_click_TC_010" finished-at="2025-02-17T21:42:25 IST" duration-ms="6042" status="PASS">
          <reporter-output>
          </reporter-output>
        </test-method> <!-- Validate_LINKED_IN_ICON_button_click_TC_010 -->
        <test-method is-config="true" signature="afterMethod()[pri:0, instance:test.AboutUsTabTest@34e9fd99]" started-at="2025-02-17T21:42:25 IST" name="afterMethod" finished-at="2025-02-17T21:42:29 IST" duration-ms="4053" status="PASS">
          <reporter-output>
          </reporter-output>
        </test-method> <!-- afterMethod -->
      </class> <!-- test.AboutUsTabTest -->
    </test> <!-- Default test -->
  </suite> <!-- Default suite -->
</testng-results>
