<?xml version="1.0" encoding="UTF-8"?>
<testng-results ignored="0" total="1" passed="1" failed="0" skipped="0">
  <reporter-output>
  </reporter-output>
  <suite started-at="2025-02-17T17:50:30 IST" name="Default suite" finished-at="2025-02-17T17:51:39 IST" duration-ms="68741">
    <groups>
    </groups>
    <test started-at="2025-02-17T17:50:30 IST" name="Default test" finished-at="2025-02-17T17:51:39 IST" duration-ms="68741">
      <class name="test.AboutUsTabTest">
        <test-method is-config="true" signature="setup()[pri:0, instance:test.AboutUsTabTest@34e9fd99]" started-at="2025-02-17T17:50:30 IST" name="setup" finished-at="2025-02-17T17:51:31 IST" duration-ms="60745" status="PASS">
          <reporter-output>
          </reporter-output>
        </test-method> <!-- setup -->
        <test-method signature="Validate_About_Us_Button_Click_TC_001()[pri:1, instance:test.AboutUsTabTest@34e9fd99]" started-at="2025-02-17T17:51:31 IST" name="Validate_About_Us_Button_Click_TC_001" finished-at="2025-02-17T17:51:36 IST" duration-ms="5399" status="PASS">
          <reporter-output>
          </reporter-output>
        </test-method> <!-- Validate_About_Us_Button_Click_TC_001 -->
        <test-method is-config="true" signature="afterMethod()[pri:0, instance:test.AboutUsTabTest@34e9fd99]" started-at="2025-02-17T17:51:37 IST" name="afterMethod" finished-at="2025-02-17T17:51:39 IST" duration-ms="2538" status="PASS">
          <reporter-output>
          </reporter-output>
        </test-method> <!-- afterMethod -->
      </class> <!-- test.AboutUsTabTest -->
    </test> <!-- Default test -->
  </suite> <!-- Default suite -->
</testng-results>
